<?xml version="1.0" encoding="UTF-8"?>
<!-- Generated by org.testng.reporters.JUnitReportReporter -->
<testsuite skipped="0" hostname="ojt3" name="DriverFactory.AppTest" tests="1" failures="0" timestamp="3 Jan 2020 13:17:59 GMT" time="13.759" errors="0">
  <testcase name="startTest" time="13.759" classname="DriverFactory.AppTest"/>
</testsuite> <!-- DriverFactory.AppTest -->
